dataset_merge_and_enrich | 2026-01-31 21:28:21,111 | INFO | dataset_merge_and_enrich |START
dataset_merge_and_enrich | 2026-01-31 21:28:21,111 | INFO | Reading dataset_1000_12000.csv
dataset_merge_and_enrich | 2026-01-31 21:28:21,112 | INFO | Reading dataset_100_1200.csv
dataset_merge_and_enrich | 2026-01-31 21:28:21,112 | INFO | Reading dataset_1_120.csv
dataset_merge_and_enrich | 2026-01-31 21:28:21,113 | INFO | Reading dataset_1_20.csv
dataset_merge_and_enrich | 2026-01-31 21:28:21,113 | INFO | Reading dataset_200_500.csv
dataset_merge_and_enrich | 2026-01-31 21:28:21,113 | INFO | Reading dataset_501_600.csv
dataset_merge_and_enrich | 2026-01-31 21:28:21,114 | INFO | Reading dataset_700_800.csv
dataset_merge_and_enrich | 2026-01-31 21:28:21,115 | INFO | Final dataset written to artifacts_create_dataset\stars_dataset.csv, repos count = 0
dataset_merge_and_enrich | 2026-01-31 21:28:21,115 | INFO | dataset_merge_and_enrich | SUCCESS | time=0.0s
dataset_merge_and_enrich | 2026-01-31 21:29:02,110 | INFO | dataset_merge_and_enrich |START
dataset_merge_and_enrich | 2026-01-31 21:29:02,110 | INFO | Reading dataset_1000_12000.csv
dataset_merge_and_enrich | 2026-01-31 21:29:02,110 | INFO | Reading dataset_100_1200.csv
dataset_merge_and_enrich | 2026-01-31 21:29:02,111 | INFO | Reading dataset_1_120.csv
dataset_merge_and_enrich | 2026-01-31 21:29:02,111 | INFO | Reading dataset_1_20.csv
dataset_merge_and_enrich | 2026-01-31 21:29:02,111 | INFO | Reading dataset_200_500.csv
dataset_merge_and_enrich | 2026-01-31 21:29:02,112 | INFO | Reading dataset_501_600.csv
dataset_merge_and_enrich | 2026-01-31 21:29:02,112 | INFO | Reading dataset_700_800.csv
dataset_merge_and_enrich | 2026-01-31 21:29:02,113 | INFO | Final dataset written to artifacts_create_dataset\stars_dataset.csv, repos count = 0
dataset_merge_and_enrich | 2026-01-31 21:29:02,113 | INFO | dataset_merge_and_enrich | SUCCESS | time=0.0s
dataset_merge_and_enrich | 2026-01-31 21:29:30,065 | INFO | dataset_merge_and_enrich |START
dataset_merge_and_enrich | 2026-01-31 21:29:58,986 | INFO | Reading dataset_1000_12000.csv
dataset_merge_and_enrich | 2026-01-31 21:30:15,015 | INFO | dataset_merge_and_enrich |START
dataset_merge_and_enrich | 2026-01-31 21:30:15,016 | INFO | Reading dataset_1000_12000.csv
dataset_merge_and_enrich | 2026-01-31 21:30:15,016 | INFO | Reading dataset_100_1200.csv
dataset_merge_and_enrich | 2026-01-31 21:30:15,017 | INFO | Reading dataset_1_120.csv
dataset_merge_and_enrich | 2026-01-31 21:30:15,017 | INFO | Reading dataset_1_20.csv
dataset_merge_and_enrich | 2026-01-31 21:30:15,017 | INFO | Reading dataset_200_500.csv
dataset_merge_and_enrich | 2026-01-31 21:30:15,017 | INFO | Reading dataset_501_600.csv
dataset_merge_and_enrich | 2026-01-31 21:30:15,018 | INFO | Reading dataset_700_800.csv
dataset_merge_and_enrich | 2026-01-31 21:30:15,018 | ERROR | dataset_merge_and_enrich | FAILED | time=0.0s | error='name'
dataset_merge_and_enrich | 2026-01-31 21:30:39,132 | INFO | dataset_merge_and_enrich |START
dataset_merge_and_enrich | 2026-01-31 21:30:43,980 | INFO | Reading dataset_1000_12000.csv
dataset_merge_and_enrich | 2026-01-31 21:30:43,989 | INFO | Reading dataset_100_1200.csv
dataset_merge_and_enrich | 2026-01-31 21:30:43,989 | INFO | Reading dataset_1_120.csv
dataset_merge_and_enrich | 2026-01-31 21:30:44,004 | INFO | Reading dataset_1_20.csv
dataset_merge_and_enrich | 2026-01-31 21:30:44,011 | INFO | Reading dataset_200_500.csv
dataset_merge_and_enrich | 2026-01-31 21:30:44,014 | INFO | Reading dataset_501_600.csv
dataset_merge_and_enrich | 2026-01-31 21:30:44,019 | INFO | Reading dataset_700_800.csv
dataset_merge_and_enrich | 2026-01-31 21:31:48,166 | ERROR | dataset_merge_and_enrich | FAILED | time=68.75s | error='name'
dataset_merge_and_enrich | 2026-01-31 21:33:29,629 | INFO | dataset_merge_and_enrich |START
dataset_merge_and_enrich | 2026-01-31 21:33:29,629 | INFO | Reading dataset_1000_12000.csv
dataset_merge_and_enrich | 2026-01-31 21:33:29,630 | INFO | Reading dataset_100_1200.csv
dataset_merge_and_enrich | 2026-01-31 21:33:29,630 | INFO | Reading dataset_1_120.csv
dataset_merge_and_enrich | 2026-01-31 21:33:29,630 | INFO | Reading dataset_1_20.csv
dataset_merge_and_enrich | 2026-01-31 21:33:29,631 | INFO | Reading dataset_200_500.csv
dataset_merge_and_enrich | 2026-01-31 21:33:29,631 | INFO | Reading dataset_501_600.csv
dataset_merge_and_enrich | 2026-01-31 21:33:29,631 | INFO | Reading dataset_700_800.csv
dataset_merge_and_enrich | 2026-01-31 21:36:23,581 | INFO | Final dataset written to artifacts_create_dataset\stars_dataset.csv, repos count = 161
dataset_merge_and_enrich | 2026-01-31 21:36:23,582 | INFO | dataset_merge_and_enrich | SUCCESS | time=173.95s
